[handleMsg]:  {
  key: {
    remoteJid: '51949947342@s.whatsapp.net',
    fromMe: false,
    id: 'BB676FF895BA1F8BD14472F6856DC99D',
    participant: undefined
  },
  messageTimestamp: 1693475773,
  pushName: 'Heidy',
  broadcast: false,
  message: Message {
    conversation: 'Hola',
    messageContextInfo: MessageContextInfo {
      deviceListMetadata: [DeviceListMetadata],
      deviceListMetadataVersion: 2
    }
  },
  body: 'Hola',
  from: '51949947342'
}
[sendQueue_A]:  {
  ref: 'ans_4f19d0e0-49de-45f2-9c64-a7d10c46f3df',
  keyword: 'key_6d993da5-789d-404d-a60f-eda6cb5c4a92',
  answer: '游뗿 Hola bienvenido a este *Chatbot* del Centro de Datos DIRTIC PNP',
  options: {
    media: null,
    buttons: [],
    capture: false,
    child: null,
    delay: 0,
    nested: [],
    keyword: {},
    callback: false
  },
  refSerialize: '8d2f9aee0b7615152d52f14a64004cd9'
}
[sendProviderAndSave]:  {
  ref: 'ans_4f19d0e0-49de-45f2-9c64-a7d10c46f3df',
  keyword: 'key_6d993da5-789d-404d-a60f-eda6cb5c4a92',
  answer: '游뗿 Hola bienvenido a este *Chatbot* del Centro de Datos DIRTIC PNP',
  options: {
    media: null,
    buttons: [],
    capture: false,
    child: null,
    delay: 0,
    nested: [],
    keyword: {},
    callback: false
  },
  refSerialize: '8d2f9aee0b7615152d52f14a64004cd9'
}
[providerClass.sendMessage]:  {
  ref: 'ans_4f19d0e0-49de-45f2-9c64-a7d10c46f3df',
  keyword: 'key_6d993da5-789d-404d-a60f-eda6cb5c4a92',
  answer: '游뗿 Hola bienvenido a este *Chatbot* del Centro de Datos DIRTIC PNP',
  options: {
    media: null,
    buttons: [],
    capture: false,
    child: null,
    delay: 0,
    nested: [],
    keyword: {},
    callback: false
  },
  refSerialize: '8d2f9aee0b7615152d52f14a64004cd9'
}
[databaseClass.save]:  {
  ref: 'ans_4f19d0e0-49de-45f2-9c64-a7d10c46f3df',
  keyword: 'key_6d993da5-789d-404d-a60f-eda6cb5c4a92',
  answer: '游뗿 Hola bienvenido a este *Chatbot* del Centro de Datos DIRTIC PNP',
  options: {
    media: null,
    buttons: [],
    capture: false,
    child: null,
    delay: 0,
    nested: [],
    keyword: {},
    callback: false
  },
  refSerialize: '8d2f9aee0b7615152d52f14a64004cd9'
}
[QUEUE_SE_ENVIO]:  {
  ref: 'ans_4f19d0e0-49de-45f2-9c64-a7d10c46f3df',
  keyword: 'key_6d993da5-789d-404d-a60f-eda6cb5c4a92',
  answer: '游뗿 Hola bienvenido a este *Chatbot* del Centro de Datos DIRTIC PNP',
  options: {
    media: null,
    buttons: [],
    capture: false,
    child: null,
    delay: 0,
    nested: [],
    keyword: {},
    callback: false
  },
  refSerialize: '8d2f9aee0b7615152d52f14a64004cd9'
}
[sendQueue_A]:  {
  ref: 'ans_0414f8d5-210f-40d3-9b07-6f887d606680',
  keyword: 'ans_4f19d0e0-49de-45f2-9c64-a7d10c46f3df',
  answer: '*cual es su consulta*\n' +
    '游녤 *1* Usuario o clave incorecta\n' +
    '游녤 *2* Usuario bloqueado\n' +
    '游녤 *3* conultas sobre SICPIP\n' +
    '游녤 *4* Creacion de Correo de UNIDAD\n' +
    '游녤 *5* Olvide clave de Correo UNIDAD\n' +
    '游녤 *6* el correo registrado para recuperar contrase침a es incorrecto\n' +
    '游녤 *7 gracias* por segir los pasos\n' +
    'escribe el mensaje de error que sale en pantalla *cerrar el comunicado*',
  options: {
    media: null,
    buttons: [],
    capture: false,
    child: null,
    delay: 0,
    nested: [
      [Object], [Object],
      [Object], [Object],
      [Object], [Object],
      [Object], [Object],
      [Object], [Object],
      [Object], [Object],
      [Object], [Object]
    ],
    keyword: {},
    callback: false
  },
  refSerialize: 'fed30a10abc70c74c4e58d7480be7994'
}
[sendProviderAndSave]:  {
  ref: 'ans_0414f8d5-210f-40d3-9b07-6f887d606680',
  keyword: 'ans_4f19d0e0-49de-45f2-9c64-a7d10c46f3df',
  answer: '*cual es su consulta*\n' +
    '游녤 *1* Usuario o clave incorecta\n' +
    '游녤 *2* Usuario bloqueado\n' +
    '游녤 *3* conultas sobre SICPIP\n' +
    '游녤 *4* Creacion de Correo de UNIDAD\n' +
    '游녤 *5* Olvide clave de Correo UNIDAD\n' +
    '游녤 *6* el correo registrado para recuperar contrase침a es incorrecto\n' +
    '游녤 *7 gracias* por segir los pasos\n' +
    'escribe el mensaje de error que sale en pantalla *cerrar el comunicado*',
  options: {
    media: null,
    buttons: [],
    capture: false,
    child: null,
    delay: 0,
    nested: [
      [Object], [Object],
      [Object], [Object],
      [Object], [Object],
      [Object], [Object],
      [Object], [Object],
      [Object], [Object],
      [Object], [Object]
    ],
    keyword: {},
    callback: false
  },
  refSerialize: 'fed30a10abc70c74c4e58d7480be7994'
}
[providerClass.sendMessage]:  {
  ref: 'ans_0414f8d5-210f-40d3-9b07-6f887d606680',
  keyword: 'ans_4f19d0e0-49de-45f2-9c64-a7d10c46f3df',
  answer: '*cual es su consulta*\n' +
    '游녤 *1* Usuario o clave incorecta\n' +
    '游녤 *2* Usuario bloqueado\n' +
    '游녤 *3* conultas sobre SICPIP\n' +
    '游녤 *4* Creacion de Correo de UNIDAD\n' +
    '游녤 *5* Olvide clave de Correo UNIDAD\n' +
    '游녤 *6* el correo registrado para recuperar contrase침a es incorrecto\n' +
    '游녤 *7 gracias* por segir los pasos\n' +
    'escribe el mensaje de error que sale en pantalla *cerrar el comunicado*',
  options: {
    media: null,
    buttons: [],
    capture: false,
    child: null,
    delay: 0,
    nested: [
      [Object], [Object],
      [Object], [Object],
      [Object], [Object],
      [Object], [Object],
      [Object], [Object],
      [Object], [Object],
      [Object], [Object]
    ],
    keyword: {},
    callback: false
  },
  refSerialize: 'fed30a10abc70c74c4e58d7480be7994'
}
[databaseClass.save]:  {
  ref: 'ans_0414f8d5-210f-40d3-9b07-6f887d606680',
  keyword: 'ans_4f19d0e0-49de-45f2-9c64-a7d10c46f3df',
  answer: '*cual es su consulta*\n' +
    '游녤 *1* Usuario o clave incorecta\n' +
    '游녤 *2* Usuario bloqueado\n' +
    '游녤 *3* conultas sobre SICPIP\n' +
    '游녤 *4* Creacion de Correo de UNIDAD\n' +
    '游녤 *5* Olvide clave de Correo UNIDAD\n' +
    '游녤 *6* el correo registrado para recuperar contrase침a es incorrecto\n' +
    '游녤 *7 gracias* por segir los pasos\n' +
    'escribe el mensaje de error que sale en pantalla *cerrar el comunicado*',
  options: {
    media: null,
    buttons: [],
    capture: false,
    child: null,
    delay: 0,
    nested: [
      [Object], [Object],
      [Object], [Object],
      [Object], [Object],
      [Object], [Object],
      [Object], [Object],
      [Object], [Object],
      [Object], [Object]
    ],
    keyword: {},
    callback: false
  },
  refSerialize: 'fed30a10abc70c74c4e58d7480be7994'
}
[QUEUE_SE_ENVIO]:  {
  ref: 'ans_0414f8d5-210f-40d3-9b07-6f887d606680',
  keyword: 'ans_4f19d0e0-49de-45f2-9c64-a7d10c46f3df',
  answer: '*cual es su consulta*\n' +
    '游녤 *1* Usuario o clave incorecta\n' +
    '游녤 *2* Usuario bloqueado\n' +
    '游녤 *3* conultas sobre SICPIP\n' +
    '游녤 *4* Creacion de Correo de UNIDAD\n' +
    '游녤 *5* Olvide clave de Correo UNIDAD\n' +
    '游녤 *6* el correo registrado para recuperar contrase침a es incorrecto\n' +
    '游녤 *7 gracias* por segir los pasos\n' +
    'escribe el mensaje de error que sale en pantalla *cerrar el comunicado*',
  options: {
    media: null,
    buttons: [],
    capture: false,
    child: null,
    delay: 0,
    nested: [
      [Object], [Object],
      [Object], [Object],
      [Object], [Object],
      [Object], [Object],
      [Object], [Object],
      [Object], [Object],
      [Object], [Object]
    ],
    keyword: {},
    callback: false
  },
  refSerialize: 'fed30a10abc70c74c4e58d7480be7994'
}
